
> vibe-generated-app@1.0.0 dev
> vite


  VITE v5.4.20  ready in 381 ms

  ➜  Local:   http://localhost:3000/
  ➜  Network: http://172.20.2.152:3000/
7:09:33 PM [vite] Pre-transform error: Transform failed with 4 errors:
/home/workspace/src/App.jsx:101:12: ERROR: Unexpected closing "motion.div" tag does not match opening "div" tag
/home/workspace/src/App.jsx:102:10: ERROR: Unexpected closing "div" tag does not match opening "motion.div" tag
/home/workspace/src/App.jsx:104:6: ERROR: Unexpected closing "section" tag does not match opening "div" tag
/home/workspace/src/App.jsx:109:2: ERROR: Unexpected "const"
7:09:35 PM [vite] Internal server error: Transform failed with 4 errors:
/home/workspace/src/App.jsx:101:12: ERROR: Unexpected closing "motion.div" tag does not match opening "div" tag
/home/workspace/src/App.jsx:102:10: ERROR: Unexpected closing "div" tag does not match opening "motion.div" tag
/home/workspace/src/App.jsx:104:6: ERROR: Unexpected closing "section" tag does not match opening "div" tag
/home/workspace/src/App.jsx:109:2: ERROR: Unexpected "const"
  Plugin: vite:esbuild
  File: /home/workspace/src/App.jsx:101:12
  
  Unexpected closing "motion.div" tag does not match opening "div" tag
  99 |                  <FlameKindling className="h-5 w-5 group-hover:scale-110 transition" />
  100|                </motion.button>
  101|            </motion.div>
     |              ^
  102|          </div>
  103|        </div>
  
  Unexpected closing "div" tag does not match opening "motion.div" tag
  100|                </motion.button>
  101|            </motion.div>
  102|          </div>
     |            ^
  103|        </div>
  104|      </section>
  
  Unexpected closing "section" tag does not match opening "div" tag
  102|          </div>
  103|        </div>
  104|      </section>
     |        ^
  105|    )
  106|  }
  
  Unexpected "const"
  107|  
  108|  function Particles({ count = 18, parallax }) {
  109|    const { tx, ty } = parallax || {}
     |    ^
  110|    const seeds = useMemo(() => Array.from({ length: count }, (_, i) => ({
  111|      id: i,
  
      at failureErrorWithLog (/home/workspace/node_modules/esbuild/lib/main.js:1472:15)
      at /home/workspace/node_modules/esbuild/lib/main.js:755:50
      at responseCallbacks.<computed> (/home/workspace/node_modules/esbuild/lib/main.js:622:9)
      at handleIncomingPacket (/home/workspace/node_modules/esbuild/lib/main.js:677:12)
      at Socket.readFromStdout (/home/workspace/node_modules/esbuild/lib/main.js:600:7)
      at Socket.emit (node:events:508:28)
      at addChunk (node:internal/streams/readable:559:12)
      at readableAddChunkPushByteMode (node:internal/streams/readable:510:3)
      at Readable.push (node:internal/streams/readable:390:5)
      at Pipe.onStreamRead (node:internal/stream_base_commons:189:23)
7:09:37 PM [vite] Internal server error: Transform failed with 4 errors:
/home/workspace/src/App.jsx:101:12: ERROR: Unexpected closing "motion.div" tag does not match opening "div" tag
/home/workspace/src/App.jsx:102:10: ERROR: Unexpected closing "div" tag does not match opening "motion.div" tag
/home/workspace/src/App.jsx:104:6: ERROR: Unexpected closing "section" tag does not match opening "div" tag
/home/workspace/src/App.jsx:109:2: ERROR: Unexpected "const"
  Plugin: vite:esbuild
  File: /home/workspace/src/App.jsx:101:12
  
  Unexpected closing "motion.div" tag does not match opening "div" tag
  99 |                  <FlameKindling className="h-5 w-5 group-hover:scale-110 transition" />
  100|                </motion.button>
  101|            </motion.div>
     |              ^
  102|          </div>
  103|        </div>
  
  Unexpected closing "div" tag does not match opening "motion.div" tag
  100|                </motion.button>
  101|            </motion.div>
  102|          </div>
     |            ^
  103|        </div>
  104|      </section>
  
  Unexpected closing "section" tag does not match opening "div" tag
  102|          </div>
  103|        </div>
  104|      </section>
     |        ^
  105|    )
  106|  }
  
  Unexpected "const"
  107|  
  108|  function Particles({ count = 18, parallax }) {
  109|    const { tx, ty } = parallax || {}
     |    ^
  110|    const seeds = useMemo(() => Array.from({ length: count }, (_, i) => ({
  111|      id: i,
  
      at failureErrorWithLog (/home/workspace/node_modules/esbuild/lib/main.js:1472:15)
      at /home/workspace/node_modules/esbuild/lib/main.js:755:50
      at responseCallbacks.<computed> (/home/workspace/node_modules/esbuild/lib/main.js:622:9)
      at handleIncomingPacket (/home/workspace/node_modules/esbuild/lib/main.js:677:12)
      at Socket.readFromStdout (/home/workspace/node_modules/esbuild/lib/main.js:600:7)
      at Socket.emit (node:events:508:28)
      at addChunk (node:internal/streams/readable:559:12)
      at readableAddChunkPushByteMode (node:internal/streams/readable:510:3)
      at Readable.push (node:internal/streams/readable:390:5)
      at Pipe.onStreamRead (node:internal/stream_base_commons:189:23)
